<?xml version="1.0" encoding="UTF-8"?>
<!-- Generated by org.testng.reporters.JUnitXMLReporter -->
<testsuite hostname="Owner-PC" ignored="0" name="Test" tests="3" failures="2" timestamp="2020-11-24T07:03:25 EST" time="15.393" errors="0">
  <testcase name="PostDataDriven" time="8.552" classname="com.RestAssured.Testcases.TC_004_DataDriven">
    <failure type="java.lang.AssertionError" message="expected [2011] but found [201]">
      <![CDATA[java.lang.AssertionError: expected [2011] but found [201]
at com.RestAssured.Testcases.TC_004_DataDriven.PostDataDriven(TC_004_DataDriven.java:63)
at java.util.ArrayList.forEach(ArrayList.java:1249)
... Removed 34 stack frames]]>
    </failure>
  </testcase> <!-- PostDataDriven -->
  <testcase name="PostDataDriven" time="4.338" classname="com.RestAssured.Testcases.TC_004_DataDriven">
    <failure type="java.lang.AssertionError" message="expected [2011] but found [201]">
      <![CDATA[java.lang.AssertionError: expected [2011] but found [201]
at com.RestAssured.Testcases.TC_004_DataDriven.PostDataDriven(TC_004_DataDriven.java:63)
at java.util.ArrayList.forEach(ArrayList.java:1249)
... Removed 34 stack frames]]>
    </failure>
  </testcase> <!-- PostDataDriven -->
  <testcase name="test2" time="0.014" classname="com.RestAssured.Testcases.TC_004_DataDriven"/>
</testsuite> <!-- Test -->
