<?xml version="1.0" encoding="UTF-8"?>
<!-- Generated by org.testng.reporters.JUnitXMLReporter -->
<testsuite hostname="Owner-PC" ignored="0" name="Test" tests="3" failures="0" timestamp="2020-11-27T03:40:57 EST" time="16.857" errors="0">
  <testcase name="PostDataDriven" time="9.771" classname="com.RestAssured.Testcases.TC_004_DataDriven"/>
  <testcase name="PostDataDriven" time="3.703" classname="com.RestAssured.Testcases.TC_004_DataDriven"/>
  <testcase name="test2" time="0.002" classname="com.RestAssured.Testcases.TC_004_DataDriven"/>
</testsuite> <!-- Test -->
