<?xml version="1.0" encoding="UTF-8"?>
<testsuite xmlns:xsi="http://www.w3.org/2001/XMLSchema-instance" xsi:noNamespaceSchemaLocation="https://maven.apache.org/surefire/maven-surefire-plugin/xsd/surefire-test-report-3.0.xsd" version="3.0" name="TestSuite" time="20.049" tests="3" errors="0" skipped="0" failures="0">
  <properties>
[...]
</properties>
  <testcase name="PostDataDriven" classname="com.RestAssured.Testcases.TC_004_DataDriven" time="9.838"/>
  <testcase name="PostDataDriven" classname="com.RestAssured.Testcases.TC_004_DataDriven" time="3.658"/>
  <testcase name="test2" classname="com.RestAssured.Testcases.TC_004_DataDriven" time="0.004"/>
</testsuite>