<?xml version="1.0" encoding="UTF-8"?>
<testng-results skipped="0" failed="0" ignored="0" total="3" passed="3">
  <reporter-output>
  </reporter-output>
  <suite name="Suite" duration-ms="16857" started-at="2020-11-27T03:40:40 EST" finished-at="2020-11-27T03:40:57 EST">
    <groups>
    </groups>
    <test name="Test" duration-ms="16857" started-at="2020-11-27T03:40:40 EST" finished-at="2020-11-27T03:40:57 EST">
      <class name="com.RestAssured.Testcases.TC_004_DataDriven">
        <test-method status="PASS" signature="setup()[pri:0, instance:com.RestAssured.Testcases.TC_004_DataDriven@544fe44c]" name="setup" is-config="true" duration-ms="73" started-at="2020-11-27T03:40:40 EST" finished-at="2020-11-27T03:40:40 EST">
          <reporter-output>
          </reporter-output>
        </test-method> <!-- setup -->
        <test-method status="PASS" signature="start()[pri:0, instance:com.RestAssured.Testcases.TC_004_DataDriven@544fe44c]" name="start" is-config="true" duration-ms="7" started-at="2020-11-27T03:40:40 EST" finished-at="2020-11-27T03:40:40 EST">
          <reporter-output>
          </reporter-output>
        </test-method> <!-- start -->
        <test-method status="PASS" signature="PostDataDriven(java.lang.String, java.lang.String)[pri:0, instance:com.RestAssured.Testcases.TC_004_DataDriven@544fe44c]" name="PostDataDriven" duration-ms="9771" started-at="2020-11-27T03:40:43 EST" data-provider="Testdata" finished-at="2020-11-27T03:40:53 EST">
          <params>
            <param index="0">
              <value>
                <![CDATA[Rose]]>
              </value>
            </param>
            <param index="1">
              <value>
                <![CDATA[Test Lead]]>
              </value>
            </param>
          </params>
          <reporter-output>
          </reporter-output>
        </test-method> <!-- PostDataDriven -->
        <test-method status="PASS" signature="PostDataDriven(java.lang.String, java.lang.String)[pri:0, instance:com.RestAssured.Testcases.TC_004_DataDriven@544fe44c]" name="PostDataDriven" duration-ms="3703" started-at="2020-11-27T03:40:53 EST" data-provider="Testdata" finished-at="2020-11-27T03:40:57 EST">
          <params>
            <param index="0">
              <value>
                <![CDATA[Mary]]>
              </value>
            </param>
            <param index="1">
              <value>
                <![CDATA[Project Manager]]>
              </value>
            </param>
          </params>
          <reporter-output>
          </reporter-output>
        </test-method> <!-- PostDataDriven -->
        <test-method status="PASS" signature="test2()[pri:0, instance:com.RestAssured.Testcases.TC_004_DataDriven@544fe44c]" name="test2" duration-ms="2" started-at="2020-11-27T03:40:57 EST" finished-at="2020-11-27T03:40:57 EST">
          <reporter-output>
          </reporter-output>
        </test-method> <!-- test2 -->
        <test-method status="PASS" signature="EndOfClass()[pri:0, instance:com.RestAssured.Testcases.TC_004_DataDriven@544fe44c]" name="EndOfClass" is-config="true" duration-ms="3" started-at="2020-11-27T03:40:57 EST" finished-at="2020-11-27T03:40:57 EST">
          <reporter-output>
          </reporter-output>
        </test-method> <!-- EndOfClass -->
      </class> <!-- com.RestAssured.Testcases.TC_004_DataDriven -->
    </test> <!-- Test -->
  </suite> <!-- Suite -->
</testng-results>
